CRITICAL - 2025-05-24 15:01:28 --> CodeIgniter\Validation\Exceptions\ValidationException: "required|valid_email|is_unique" is not a valid rule.
[Method: POST, Route: registrar]
in SYSTEMPATH\Validation\Validation.php on line 346.
 1 SYSTEMPATH\Validation\Validation.php(346): CodeIgniter\Validation\Exceptions\ValidationException::forRuleNotFound('required|valid_email|is_unique')
 2 SYSTEMPATH\Validation\Validation.php(202): CodeIgniter\Validation\Validation->processRules('email', 'email', '', [...], [...], 'email')
 3 SYSTEMPATH\Controller.php(138): CodeIgniter\Validation\Validation->run()
 4 APPPATH\Controllers\AuthController.php(25): CodeIgniter\Controller->validate([...])
 5 SYSTEMPATH\CodeIgniter.php(933): App\Controllers\AuthController->register()
 6 SYSTEMPATH\CodeIgniter.php(507): CodeIgniter\CodeIgniter->runController(Object(App\Controllers\AuthController))
 7 SYSTEMPATH\CodeIgniter.php(354): CodeIgniter\CodeIgniter->handleRequest(null, Object(Config\Cache), false)
 8 SYSTEMPATH\Boot.php(334): CodeIgniter\CodeIgniter->run()
 9 SYSTEMPATH\Boot.php(67): CodeIgniter\Boot::runCodeIgniter(Object(CodeIgniter\CodeIgniter))
10 FCPATH\index.php(56): CodeIgniter\Boot::bootWeb(Object(Config\Paths))
CRITICAL - 2025-05-24 15:02:21 --> CodeIgniter\Validation\Exceptions\ValidationException: "required|min_length" is not a valid rule.
[Method: POST, Route: registrar]
in SYSTEMPATH\Validation\Validation.php on line 346.
 1 SYSTEMPATH\Validation\Validation.php(346): CodeIgniter\Validation\Exceptions\ValidationException::forRuleNotFound('required|min_length')
 2 SYSTEMPATH\Validation\Validation.php(202): CodeIgniter\Validation\Validation->processRules('contraseña', 'contraseña', '', [...], [...], 'contraseña')
 3 SYSTEMPATH\Controller.php(138): CodeIgniter\Validation\Validation->run()
 4 APPPATH\Controllers\AuthController.php(25): CodeIgniter\Controller->validate([...])
 5 SYSTEMPATH\CodeIgniter.php(933): App\Controllers\AuthController->register()
 6 SYSTEMPATH\CodeIgniter.php(507): CodeIgniter\CodeIgniter->runController(Object(App\Controllers\AuthController))
 7 SYSTEMPATH\CodeIgniter.php(354): CodeIgniter\CodeIgniter->handleRequest(null, Object(Config\Cache), false)
 8 SYSTEMPATH\Boot.php(334): CodeIgniter\CodeIgniter->run()
 9 SYSTEMPATH\Boot.php(67): CodeIgniter\Boot::runCodeIgniter(Object(CodeIgniter\CodeIgniter))
10 FCPATH\index.php(56): CodeIgniter\Boot::bootWeb(Object(Config\Paths))
CRITICAL - 2025-05-24 15:02:27 --> CodeIgniter\Validation\Exceptions\ValidationException: "required|min_length" is not a valid rule.
[Method: POST, Route: registrar]
in SYSTEMPATH\Validation\Validation.php on line 346.
 1 SYSTEMPATH\Validation\Validation.php(346): CodeIgniter\Validation\Exceptions\ValidationException::forRuleNotFound('required|min_length')
 2 SYSTEMPATH\Validation\Validation.php(202): CodeIgniter\Validation\Validation->processRules('contraseña', 'contraseña', '', [...], [...], 'contraseña')
 3 SYSTEMPATH\Controller.php(138): CodeIgniter\Validation\Validation->run()
 4 APPPATH\Controllers\AuthController.php(25): CodeIgniter\Controller->validate([...])
 5 SYSTEMPATH\CodeIgniter.php(933): App\Controllers\AuthController->register()
 6 SYSTEMPATH\CodeIgniter.php(507): CodeIgniter\CodeIgniter->runController(Object(App\Controllers\AuthController))
 7 SYSTEMPATH\CodeIgniter.php(354): CodeIgniter\CodeIgniter->handleRequest(null, Object(Config\Cache), false)
 8 SYSTEMPATH\Boot.php(334): CodeIgniter\CodeIgniter->run()
 9 SYSTEMPATH\Boot.php(67): CodeIgniter\Boot::runCodeIgniter(Object(CodeIgniter\CodeIgniter))
10 FCPATH\index.php(56): CodeIgniter\Boot::bootWeb(Object(Config\Paths))
CRITICAL - 2025-05-24 15:02:34 --> CodeIgniter\Validation\Exceptions\ValidationException: "required|min_length" is not a valid rule.
[Method: POST, Route: registrar]
in SYSTEMPATH\Validation\Validation.php on line 346.
 1 SYSTEMPATH\Validation\Validation.php(346): CodeIgniter\Validation\Exceptions\ValidationException::forRuleNotFound('required|min_length')
 2 SYSTEMPATH\Validation\Validation.php(202): CodeIgniter\Validation\Validation->processRules('contraseña', 'contraseña', '', [...], [...], 'contraseña')
 3 SYSTEMPATH\Controller.php(138): CodeIgniter\Validation\Validation->run()
 4 APPPATH\Controllers\AuthController.php(25): CodeIgniter\Controller->validate([...])
 5 SYSTEMPATH\CodeIgniter.php(933): App\Controllers\AuthController->register()
 6 SYSTEMPATH\CodeIgniter.php(507): CodeIgniter\CodeIgniter->runController(Object(App\Controllers\AuthController))
 7 SYSTEMPATH\CodeIgniter.php(354): CodeIgniter\CodeIgniter->handleRequest(null, Object(Config\Cache), false)
 8 SYSTEMPATH\Boot.php(334): CodeIgniter\CodeIgniter->run()
 9 SYSTEMPATH\Boot.php(67): CodeIgniter\Boot::runCodeIgniter(Object(CodeIgniter\CodeIgniter))
10 FCPATH\index.php(56): CodeIgniter\Boot::bootWeb(Object(Config\Paths))
DEBUG - 2025-05-24 15:03:28 --> Session: Class initialized using 'CodeIgniter\Session\Handlers\FileHandler' driver.
DEBUG - 2025-05-24 15:03:32 --> Session: Class initialized using 'CodeIgniter\Session\Handlers\FileHandler' driver.
ERROR - 2025-05-24 15:03:45 --> mysqli_sql_exception: Table 'proyecto-taller.usuarios' doesn't exist in C:\xampp\htdocs\Proyecto-Taller-1\system\Database\MySQLi\Connection.php:327
Stack trace:
#0 C:\xampp\htdocs\Proyecto-Taller-1\system\Database\MySQLi\Connection.php(327): mysqli->query('SELECT 1\nFROM `...', 0)
#1 C:\xampp\htdocs\Proyecto-Taller-1\system\Database\BaseConnection.php(738): CodeIgniter\Database\MySQLi\Connection->execute('SELECT 1\nFROM `...')
#2 C:\xampp\htdocs\Proyecto-Taller-1\system\Database\BaseConnection.php(652): CodeIgniter\Database\BaseConnection->simpleQuery('SELECT 1\nFROM `...')
#3 C:\xampp\htdocs\Proyecto-Taller-1\system\Database\BaseBuilder.php(1649): CodeIgniter\Database\BaseConnection->query('SELECT 1\nFROM `...', Array, false)
#4 C:\xampp\htdocs\Proyecto-Taller-1\system\Validation\Rules.php(175): CodeIgniter\Database\BaseBuilder->get()
#5 C:\xampp\htdocs\Proyecto-Taller-1\system\Validation\StrictRules\Rules.php(187): CodeIgniter\Validation\Rules->is_unique('antoniocoronel3...', 'usuarios.email', Array)
#6 C:\xampp\htdocs\Proyecto-Taller-1\system\Validation\Validation.php(337): CodeIgniter\Validation\StrictRules\Rules->is_unique('antoniocoronel3...', 'usuarios.email', Array, NULL, 'email')
#7 C:\xampp\htdocs\Proyecto-Taller-1\system\Validation\Validation.php(202): CodeIgniter\Validation\Validation->processRules('email', 'email', 'antoniocoronel3...', Array, Array, 'email')
#8 C:\xampp\htdocs\Proyecto-Taller-1\system\Controller.php(138): CodeIgniter\Validation\Validation->run()
#9 C:\xampp\htdocs\Proyecto-Taller-1\app\Controllers\AuthController.php(25): CodeIgniter\Controller->validate(Array)
#10 C:\xampp\htdocs\Proyecto-Taller-1\system\CodeIgniter.php(933): App\Controllers\AuthController->register()
#11 C:\xampp\htdocs\Proyecto-Taller-1\system\CodeIgniter.php(507): CodeIgniter\CodeIgniter->runController(Object(App\Controllers\AuthController))
#12 C:\xampp\htdocs\Proyecto-Taller-1\system\CodeIgniter.php(354): CodeIgniter\CodeIgniter->handleRequest(NULL, Object(Config\Cache), false)
#13 C:\xampp\htdocs\Proyecto-Taller-1\system\Boot.php(334): CodeIgniter\CodeIgniter->run()
#14 C:\xampp\htdocs\Proyecto-Taller-1\system\Boot.php(67): CodeIgniter\Boot::runCodeIgniter(Object(CodeIgniter\CodeIgniter))
#15 C:\xampp\htdocs\Proyecto-Taller-1\index.php(56): CodeIgniter\Boot::bootWeb(Object(Config\Paths))
#16 {main}
CRITICAL - 2025-05-24 15:03:45 --> CodeIgniter\Database\Exceptions\DatabaseException: Table 'proyecto-taller.usuarios' doesn't exist
[Method: POST, Route: registrar]
in SYSTEMPATH\Database\BaseConnection.php on line 692.
 1 SYSTEMPATH\Database\BaseBuilder.php(1649): CodeIgniter\Database\BaseConnection->query('SELECT 1
FROM `usuarios`
WHERE `email` = :email:
 LIMIT 1', [...], false)
 2 SYSTEMPATH\Validation\Rules.php(175): CodeIgniter\Database\BaseBuilder->get()
 3 SYSTEMPATH\Validation\StrictRules\Rules.php(187): CodeIgniter\Validation\Rules->is_unique('antoniocoronel368@gmail.com', 'usuarios.email', [...])
 4 SYSTEMPATH\Validation\Validation.php(337): CodeIgniter\Validation\StrictRules\Rules->is_unique('antoniocoronel368@gmail.com', 'usuarios.email', [...], null, 'email')
 5 SYSTEMPATH\Validation\Validation.php(202): CodeIgniter\Validation\Validation->processRules('email', 'email', 'antoniocoronel368@gmail.com', [...], [...], 'email')
 6 SYSTEMPATH\Controller.php(138): CodeIgniter\Validation\Validation->run()
 7 APPPATH\Controllers\AuthController.php(25): CodeIgniter\Controller->validate([...])
 8 SYSTEMPATH\CodeIgniter.php(933): App\Controllers\AuthController->register()
 9 SYSTEMPATH\CodeIgniter.php(507): CodeIgniter\CodeIgniter->runController(Object(App\Controllers\AuthController))
10 SYSTEMPATH\CodeIgniter.php(354): CodeIgniter\CodeIgniter->handleRequest(null, Object(Config\Cache), false)
11 SYSTEMPATH\Boot.php(334): CodeIgniter\CodeIgniter->run()
12 SYSTEMPATH\Boot.php(67): CodeIgniter\Boot::runCodeIgniter(Object(CodeIgniter\CodeIgniter))
13 FCPATH\index.php(56): CodeIgniter\Boot::bootWeb(Object(Config\Paths))
CRITICAL - 2025-05-24 15:03:45 --> [Caused by] CodeIgniter\Database\Exceptions\DatabaseException: Table 'proyecto-taller.usuarios' doesn't exist
in SYSTEMPATH\Database\MySQLi\Connection.php on line 332.
 1 SYSTEMPATH\Database\BaseConnection.php(738): CodeIgniter\Database\MySQLi\Connection->execute('SELECT 1
FROM `usuarios`
WHERE `email` = \'antoniocoronel368@gmail.com\'
 LIMIT 1')
 2 SYSTEMPATH\Database\BaseConnection.php(652): CodeIgniter\Database\BaseConnection->simpleQuery('SELECT 1
FROM `usuarios`
WHERE `email` = \'antoniocoronel368@gmail.com\'
 LIMIT 1')
 3 SYSTEMPATH\Database\BaseBuilder.php(1649): CodeIgniter\Database\BaseConnection->query('SELECT 1
FROM `usuarios`
WHERE `email` = :email:
 LIMIT 1', [...], false)
 4 SYSTEMPATH\Validation\Rules.php(175): CodeIgniter\Database\BaseBuilder->get()
 5 SYSTEMPATH\Validation\StrictRules\Rules.php(187): CodeIgniter\Validation\Rules->is_unique('antoniocoronel368@gmail.com', 'usuarios.email', [...])
 6 SYSTEMPATH\Validation\Validation.php(337): CodeIgniter\Validation\StrictRules\Rules->is_unique('antoniocoronel368@gmail.com', 'usuarios.email', [...], null, 'email')
 7 SYSTEMPATH\Validation\Validation.php(202): CodeIgniter\Validation\Validation->processRules('email', 'email', 'antoniocoronel368@gmail.com', [...], [...], 'email')
 8 SYSTEMPATH\Controller.php(138): CodeIgniter\Validation\Validation->run()
 9 APPPATH\Controllers\AuthController.php(25): CodeIgniter\Controller->validate([...])
10 SYSTEMPATH\CodeIgniter.php(933): App\Controllers\AuthController->register()
11 SYSTEMPATH\CodeIgniter.php(507): CodeIgniter\CodeIgniter->runController(Object(App\Controllers\AuthController))
12 SYSTEMPATH\CodeIgniter.php(354): CodeIgniter\CodeIgniter->handleRequest(null, Object(Config\Cache), false)
13 SYSTEMPATH\Boot.php(334): CodeIgniter\CodeIgniter->run()
14 SYSTEMPATH\Boot.php(67): CodeIgniter\Boot::runCodeIgniter(Object(CodeIgniter\CodeIgniter))
15 FCPATH\index.php(56): CodeIgniter\Boot::bootWeb(Object(Config\Paths))
CRITICAL - 2025-05-24 15:03:45 --> [Caused by] mysqli_sql_exception: Table 'proyecto-taller.usuarios' doesn't exist
in SYSTEMPATH\Database\MySQLi\Connection.php on line 327.
 1 SYSTEMPATH\Database\MySQLi\Connection.php(327): mysqli->query('SELECT 1
FROM `usuarios`
WHERE `email` = \'antoniocoronel368@gmail.com\'
 LIMIT 1', 0)
 2 SYSTEMPATH\Database\BaseConnection.php(738): CodeIgniter\Database\MySQLi\Connection->execute('SELECT 1
FROM `usuarios`
WHERE `email` = \'antoniocoronel368@gmail.com\'
 LIMIT 1')
 3 SYSTEMPATH\Database\BaseConnection.php(652): CodeIgniter\Database\BaseConnection->simpleQuery('SELECT 1
FROM `usuarios`
WHERE `email` = \'antoniocoronel368@gmail.com\'
 LIMIT 1')
 4 SYSTEMPATH\Database\BaseBuilder.php(1649): CodeIgniter\Database\BaseConnection->query('SELECT 1
FROM `usuarios`
WHERE `email` = :email:
 LIMIT 1', [...], false)
 5 SYSTEMPATH\Validation\Rules.php(175): CodeIgniter\Database\BaseBuilder->get()
 6 SYSTEMPATH\Validation\StrictRules\Rules.php(187): CodeIgniter\Validation\Rules->is_unique('antoniocoronel368@gmail.com', 'usuarios.email', [...])
 7 SYSTEMPATH\Validation\Validation.php(337): CodeIgniter\Validation\StrictRules\Rules->is_unique('antoniocoronel368@gmail.com', 'usuarios.email', [...], null, 'email')
 8 SYSTEMPATH\Validation\Validation.php(202): CodeIgniter\Validation\Validation->processRules('email', 'email', 'antoniocoronel368@gmail.com', [...], [...], 'email')
 9 SYSTEMPATH\Controller.php(138): CodeIgniter\Validation\Validation->run()
10 APPPATH\Controllers\AuthController.php(25): CodeIgniter\Controller->validate([...])
11 SYSTEMPATH\CodeIgniter.php(933): App\Controllers\AuthController->register()
12 SYSTEMPATH\CodeIgniter.php(507): CodeIgniter\CodeIgniter->runController(Object(App\Controllers\AuthController))
13 SYSTEMPATH\CodeIgniter.php(354): CodeIgniter\CodeIgniter->handleRequest(null, Object(Config\Cache), false)
14 SYSTEMPATH\Boot.php(334): CodeIgniter\CodeIgniter->run()
15 SYSTEMPATH\Boot.php(67): CodeIgniter\Boot::runCodeIgniter(Object(CodeIgniter\CodeIgniter))
16 FCPATH\index.php(56): CodeIgniter\Boot::bootWeb(Object(Config\Paths))
DEBUG - 2025-05-24 15:05:26 --> Session: Class initialized using 'CodeIgniter\Session\Handlers\FileHandler' driver.
DEBUG - 2025-05-24 15:05:45 --> Session: Class initialized using 'CodeIgniter\Session\Handlers\FileHandler' driver.
DEBUG - 2025-05-24 15:06:22 --> Session: Class initialized using 'CodeIgniter\Session\Handlers\FileHandler' driver.
DEBUG - 2025-05-24 15:07:25 --> Session: Class initialized using 'CodeIgniter\Session\Handlers\FileHandler' driver.
DEBUG - 2025-05-24 15:10:36 --> Session: Class initialized using 'CodeIgniter\Session\Handlers\FileHandler' driver.
DEBUG - 2025-05-24 15:10:47 --> Session: Class initialized using 'CodeIgniter\Session\Handlers\FileHandler' driver.
DEBUG - 2025-05-24 15:14:24 --> Session: Class initialized using 'CodeIgniter\Session\Handlers\FileHandler' driver.
DEBUG - 2025-05-24 15:18:57 --> Session: Class initialized using 'CodeIgniter\Session\Handlers\FileHandler' driver.
CRITICAL - 2025-05-24 15:18:57 --> ErrorException: Undefined variable $validations
[Method: GET, Route: registro]
in APPPATH\Views\registro.php on line 11.
 1 APPPATH\Views\registro.php(11): CodeIgniter\Debug\Exceptions->errorHandler(2, 'Undefined variable $validations', 'C:\\xampp\\htdocs\\Proyecto-Taller-1\\app\\Views\\registro.php', 11)
 2 SYSTEMPATH\View\View.php(224): include('C:\\xampp\\htdocs\\Proyecto-Taller-1\\app\\Views\\registro.php')
 3 SYSTEMPATH\View\View.php(227): CodeIgniter\View\View->CodeIgniter\View\{closure}()
 4 SYSTEMPATH\Common.php(1173): CodeIgniter\View\View->render('registro', [], true)
 5 APPPATH\Controllers\BaseController.php(60): view('registro')
 6 APPPATH\Controllers\AuthController.php(21): App\Controllers\BaseController->cargarVista('registro', [...])
 7 SYSTEMPATH\CodeIgniter.php(933): App\Controllers\AuthController->vistaRegistro()
 8 SYSTEMPATH\CodeIgniter.php(507): CodeIgniter\CodeIgniter->runController(Object(App\Controllers\AuthController))
 9 SYSTEMPATH\CodeIgniter.php(354): CodeIgniter\CodeIgniter->handleRequest(null, Object(Config\Cache), false)
10 SYSTEMPATH\Boot.php(334): CodeIgniter\CodeIgniter->run()
11 SYSTEMPATH\Boot.php(67): CodeIgniter\Boot::runCodeIgniter(Object(CodeIgniter\CodeIgniter))
12 FCPATH\index.php(56): CodeIgniter\Boot::bootWeb(Object(Config\Paths))
CRITICAL - 2025-05-24 15:21:03 --> ErrorException: Undefined variable $validations
[Method: GET, Route: registro]
in APPPATH\Views\registro.php on line 11.
 1 APPPATH\Views\registro.php(11): CodeIgniter\Debug\Exceptions->errorHandler(2, 'Undefined variable $validations', 'C:\\xampp\\htdocs\\Proyecto-Taller-1\\app\\Views\\registro.php', 11)
 2 SYSTEMPATH\View\View.php(224): include('C:\\xampp\\htdocs\\Proyecto-Taller-1\\app\\Views\\registro.php')
 3 SYSTEMPATH\View\View.php(227): CodeIgniter\View\View->CodeIgniter\View\{closure}()
 4 SYSTEMPATH\Common.php(1173): CodeIgniter\View\View->render('registro', [], true)
 5 APPPATH\Controllers\BaseController.php(60): view('registro')
 6 APPPATH\Controllers\AuthController.php(21): App\Controllers\BaseController->cargarVista('registro', [...])
 7 SYSTEMPATH\CodeIgniter.php(933): App\Controllers\AuthController->vistaRegistro()
 8 SYSTEMPATH\CodeIgniter.php(507): CodeIgniter\CodeIgniter->runController(Object(App\Controllers\AuthController))
 9 SYSTEMPATH\CodeIgniter.php(354): CodeIgniter\CodeIgniter->handleRequest(null, Object(Config\Cache), false)
10 SYSTEMPATH\Boot.php(334): CodeIgniter\CodeIgniter->run()
11 SYSTEMPATH\Boot.php(67): CodeIgniter\Boot::runCodeIgniter(Object(CodeIgniter\CodeIgniter))
12 FCPATH\index.php(56): CodeIgniter\Boot::bootWeb(Object(Config\Paths))
CRITICAL - 2025-05-24 15:21:13 --> ErrorException: Undefined variable $validations
[Method: GET, Route: registro]
in APPPATH\Views\registro.php on line 11.
 1 APPPATH\Views\registro.php(11): CodeIgniter\Debug\Exceptions->errorHandler(2, 'Undefined variable $validations', 'C:\\xampp\\htdocs\\Proyecto-Taller-1\\app\\Views\\registro.php', 11)
 2 SYSTEMPATH\View\View.php(224): include('C:\\xampp\\htdocs\\Proyecto-Taller-1\\app\\Views\\registro.php')
 3 SYSTEMPATH\View\View.php(227): CodeIgniter\View\View->CodeIgniter\View\{closure}()
 4 SYSTEMPATH\Common.php(1173): CodeIgniter\View\View->render('registro', [], true)
 5 APPPATH\Controllers\BaseController.php(60): view('registro')
 6 APPPATH\Controllers\AuthController.php(21): App\Controllers\BaseController->cargarVista('registro', [...])
 7 SYSTEMPATH\CodeIgniter.php(933): App\Controllers\AuthController->vistaRegistro()
 8 SYSTEMPATH\CodeIgniter.php(507): CodeIgniter\CodeIgniter->runController(Object(App\Controllers\AuthController))
 9 SYSTEMPATH\CodeIgniter.php(354): CodeIgniter\CodeIgniter->handleRequest(null, Object(Config\Cache), false)
10 SYSTEMPATH\Boot.php(334): CodeIgniter\CodeIgniter->run()
11 SYSTEMPATH\Boot.php(67): CodeIgniter\Boot::runCodeIgniter(Object(CodeIgniter\CodeIgniter))
12 FCPATH\index.php(56): CodeIgniter\Boot::bootWeb(Object(Config\Paths))
CRITICAL - 2025-05-24 15:21:26 --> ErrorException: Undefined variable $validations
[Method: GET, Route: registro]
in APPPATH\Views\registro.php on line 11.
 1 APPPATH\Views\registro.php(11): CodeIgniter\Debug\Exceptions->errorHandler(2, 'Undefined variable $validations', 'C:\\xampp\\htdocs\\Proyecto-Taller-1\\app\\Views\\registro.php', 11)
 2 SYSTEMPATH\View\View.php(224): include('C:\\xampp\\htdocs\\Proyecto-Taller-1\\app\\Views\\registro.php')
 3 SYSTEMPATH\View\View.php(227): CodeIgniter\View\View->CodeIgniter\View\{closure}()
 4 SYSTEMPATH\Common.php(1173): CodeIgniter\View\View->render('registro', [], true)
 5 APPPATH\Controllers\BaseController.php(60): view('registro')
 6 APPPATH\Controllers\AuthController.php(21): App\Controllers\BaseController->cargarVista('registro', [...])
 7 SYSTEMPATH\CodeIgniter.php(933): App\Controllers\AuthController->vistaRegistro()
 8 SYSTEMPATH\CodeIgniter.php(507): CodeIgniter\CodeIgniter->runController(Object(App\Controllers\AuthController))
 9 SYSTEMPATH\CodeIgniter.php(354): CodeIgniter\CodeIgniter->handleRequest(null, Object(Config\Cache), false)
10 SYSTEMPATH\Boot.php(334): CodeIgniter\CodeIgniter->run()
11 SYSTEMPATH\Boot.php(67): CodeIgniter\Boot::runCodeIgniter(Object(CodeIgniter\CodeIgniter))
12 FCPATH\index.php(56): CodeIgniter\Boot::bootWeb(Object(Config\Paths))
CRITICAL - 2025-05-24 15:24:12 --> ErrorException: Undefined variable $validations
[Method: GET, Route: registro]
in APPPATH\Views\registro.php on line 11.
 1 APPPATH\Views\registro.php(11): CodeIgniter\Debug\Exceptions->errorHandler(2, 'Undefined variable $validations', 'C:\\xampp\\htdocs\\Proyecto-Taller-1\\app\\Views\\registro.php', 11)
 2 SYSTEMPATH\View\View.php(224): include('C:\\xampp\\htdocs\\Proyecto-Taller-1\\app\\Views\\registro.php')
 3 SYSTEMPATH\View\View.php(227): CodeIgniter\View\View->CodeIgniter\View\{closure}()
 4 SYSTEMPATH\Common.php(1173): CodeIgniter\View\View->render('registro', [], true)
 5 APPPATH\Controllers\BaseController.php(60): view('registro')
 6 APPPATH\Controllers\AuthController.php(21): App\Controllers\BaseController->cargarVista('registro', [...])
 7 SYSTEMPATH\CodeIgniter.php(933): App\Controllers\AuthController->vistaRegistro()
 8 SYSTEMPATH\CodeIgniter.php(507): CodeIgniter\CodeIgniter->runController(Object(App\Controllers\AuthController))
 9 SYSTEMPATH\CodeIgniter.php(354): CodeIgniter\CodeIgniter->handleRequest(null, Object(Config\Cache), false)
10 SYSTEMPATH\Boot.php(334): CodeIgniter\CodeIgniter->run()
11 SYSTEMPATH\Boot.php(67): CodeIgniter\Boot::runCodeIgniter(Object(CodeIgniter\CodeIgniter))
12 FCPATH\index.php(56): CodeIgniter\Boot::bootWeb(Object(Config\Paths))
CRITICAL - 2025-05-24 15:24:16 --> ErrorException: Undefined variable $validations
[Method: GET, Route: registro]
in APPPATH\Views\registro.php on line 11.
 1 APPPATH\Views\registro.php(11): CodeIgniter\Debug\Exceptions->errorHandler(2, 'Undefined variable $validations', 'C:\\xampp\\htdocs\\Proyecto-Taller-1\\app\\Views\\registro.php', 11)
 2 SYSTEMPATH\View\View.php(224): include('C:\\xampp\\htdocs\\Proyecto-Taller-1\\app\\Views\\registro.php')
 3 SYSTEMPATH\View\View.php(227): CodeIgniter\View\View->CodeIgniter\View\{closure}()
 4 SYSTEMPATH\Common.php(1173): CodeIgniter\View\View->render('registro', [], true)
 5 APPPATH\Controllers\BaseController.php(60): view('registro')
 6 APPPATH\Controllers\AuthController.php(21): App\Controllers\BaseController->cargarVista('registro', [...])
 7 SYSTEMPATH\CodeIgniter.php(933): App\Controllers\AuthController->vistaRegistro()
 8 SYSTEMPATH\CodeIgniter.php(507): CodeIgniter\CodeIgniter->runController(Object(App\Controllers\AuthController))
 9 SYSTEMPATH\CodeIgniter.php(354): CodeIgniter\CodeIgniter->handleRequest(null, Object(Config\Cache), false)
10 SYSTEMPATH\Boot.php(334): CodeIgniter\CodeIgniter->run()
11 SYSTEMPATH\Boot.php(67): CodeIgniter\Boot::runCodeIgniter(Object(CodeIgniter\CodeIgniter))
12 FCPATH\index.php(56): CodeIgniter\Boot::bootWeb(Object(Config\Paths))
CRITICAL - 2025-05-24 15:25:59 --> ErrorException: Undefined variable $validations
[Method: GET, Route: registro]
in APPPATH\Views\registro.php on line 14.
 1 APPPATH\Views\registro.php(14): CodeIgniter\Debug\Exceptions->errorHandler(2, 'Undefined variable $validations', 'C:\\xampp\\htdocs\\Proyecto-Taller-1\\app\\Views\\registro.php', 14)
 2 SYSTEMPATH\View\View.php(224): include('C:\\xampp\\htdocs\\Proyecto-Taller-1\\app\\Views\\registro.php')
 3 SYSTEMPATH\View\View.php(227): CodeIgniter\View\View->CodeIgniter\View\{closure}()
 4 SYSTEMPATH\Common.php(1173): CodeIgniter\View\View->render('registro', [], true)
 5 APPPATH\Controllers\BaseController.php(60): view('registro')
 6 APPPATH\Controllers\AuthController.php(21): App\Controllers\BaseController->cargarVista('registro', [...])
 7 SYSTEMPATH\CodeIgniter.php(933): App\Controllers\AuthController->vistaRegistro()
 8 SYSTEMPATH\CodeIgniter.php(507): CodeIgniter\CodeIgniter->runController(Object(App\Controllers\AuthController))
 9 SYSTEMPATH\CodeIgniter.php(354): CodeIgniter\CodeIgniter->handleRequest(null, Object(Config\Cache), false)
10 SYSTEMPATH\Boot.php(334): CodeIgniter\CodeIgniter->run()
11 SYSTEMPATH\Boot.php(67): CodeIgniter\Boot::runCodeIgniter(Object(CodeIgniter\CodeIgniter))
12 FCPATH\index.php(56): CodeIgniter\Boot::bootWeb(Object(Config\Paths))
CRITICAL - 2025-05-24 15:26:15 --> ErrorException: Undefined variable $validations
[Method: GET, Route: registro]
in APPPATH\Views\registro.php on line 14.
 1 APPPATH\Views\registro.php(14): CodeIgniter\Debug\Exceptions->errorHandler(2, 'Undefined variable $validations', 'C:\\xampp\\htdocs\\Proyecto-Taller-1\\app\\Views\\registro.php', 14)
 2 SYSTEMPATH\View\View.php(224): include('C:\\xampp\\htdocs\\Proyecto-Taller-1\\app\\Views\\registro.php')
 3 SYSTEMPATH\View\View.php(227): CodeIgniter\View\View->CodeIgniter\View\{closure}()
 4 SYSTEMPATH\Common.php(1173): CodeIgniter\View\View->render('registro', [], true)
 5 APPPATH\Controllers\BaseController.php(60): view('registro')
 6 APPPATH\Controllers\AuthController.php(21): App\Controllers\BaseController->cargarVista('registro', [...])
 7 SYSTEMPATH\CodeIgniter.php(933): App\Controllers\AuthController->vistaRegistro()
 8 SYSTEMPATH\CodeIgniter.php(507): CodeIgniter\CodeIgniter->runController(Object(App\Controllers\AuthController))
 9 SYSTEMPATH\CodeIgniter.php(354): CodeIgniter\CodeIgniter->handleRequest(null, Object(Config\Cache), false)
10 SYSTEMPATH\Boot.php(334): CodeIgniter\CodeIgniter->run()
11 SYSTEMPATH\Boot.php(67): CodeIgniter\Boot::runCodeIgniter(Object(CodeIgniter\CodeIgniter))
12 FCPATH\index.php(56): CodeIgniter\Boot::bootWeb(Object(Config\Paths))
CRITICAL - 2025-05-24 15:26:31 --> ErrorException: Undefined variable $validations
[Method: GET, Route: registro]
in APPPATH\Views\registro.php on line 14.
 1 APPPATH\Views\registro.php(14): CodeIgniter\Debug\Exceptions->errorHandler(2, 'Undefined variable $validations', 'C:\\xampp\\htdocs\\Proyecto-Taller-1\\app\\Views\\registro.php', 14)
 2 SYSTEMPATH\View\View.php(224): include('C:\\xampp\\htdocs\\Proyecto-Taller-1\\app\\Views\\registro.php')
 3 SYSTEMPATH\View\View.php(227): CodeIgniter\View\View->CodeIgniter\View\{closure}()
 4 SYSTEMPATH\Common.php(1173): CodeIgniter\View\View->render('registro', [], true)
 5 APPPATH\Controllers\BaseController.php(60): view('registro')
 6 APPPATH\Controllers\AuthController.php(21): App\Controllers\BaseController->cargarVista('registro', [...])
 7 SYSTEMPATH\CodeIgniter.php(933): App\Controllers\AuthController->vistaRegistro()
 8 SYSTEMPATH\CodeIgniter.php(507): CodeIgniter\CodeIgniter->runController(Object(App\Controllers\AuthController))
 9 SYSTEMPATH\CodeIgniter.php(354): CodeIgniter\CodeIgniter->handleRequest(null, Object(Config\Cache), false)
10 SYSTEMPATH\Boot.php(334): CodeIgniter\CodeIgniter->run()
11 SYSTEMPATH\Boot.php(67): CodeIgniter\Boot::runCodeIgniter(Object(CodeIgniter\CodeIgniter))
12 FCPATH\index.php(56): CodeIgniter\Boot::bootWeb(Object(Config\Paths))
CRITICAL - 2025-05-24 15:42:09 --> ErrorException: Undefined variable $validaciones
[Method: GET, Route: registro]
in APPPATH\Views\registro.php on line 14.
 1 APPPATH\Views\registro.php(14): CodeIgniter\Debug\Exceptions->errorHandler(2, 'Undefined variable $validaciones', 'C:\\xampp\\htdocs\\Proyecto-Taller-1\\app\\Views\\registro.php', 14)
 2 SYSTEMPATH\View\View.php(224): include('C:\\xampp\\htdocs\\Proyecto-Taller-1\\app\\Views\\registro.php')
 3 SYSTEMPATH\View\View.php(227): CodeIgniter\View\View->CodeIgniter\View\{closure}()
 4 SYSTEMPATH\Common.php(1173): CodeIgniter\View\View->render('registro', [], true)
 5 APPPATH\Controllers\BaseController.php(60): view('registro')
 6 APPPATH\Controllers\AuthController.php(21): App\Controllers\BaseController->cargarVista('registro', [...])
 7 SYSTEMPATH\CodeIgniter.php(933): App\Controllers\AuthController->vistaRegistro()
 8 SYSTEMPATH\CodeIgniter.php(507): CodeIgniter\CodeIgniter->runController(Object(App\Controllers\AuthController))
 9 SYSTEMPATH\CodeIgniter.php(354): CodeIgniter\CodeIgniter->handleRequest(null, Object(Config\Cache), false)
10 SYSTEMPATH\Boot.php(334): CodeIgniter\CodeIgniter->run()
11 SYSTEMPATH\Boot.php(67): CodeIgniter\Boot::runCodeIgniter(Object(CodeIgniter\CodeIgniter))
12 FCPATH\index.php(56): CodeIgniter\Boot::bootWeb(Object(Config\Paths))
CRITICAL - 2025-05-24 15:42:20 --> ErrorException: Undefined variable $validaciones
[Method: GET, Route: registro]
in APPPATH\Views\registro.php on line 14.
 1 APPPATH\Views\registro.php(14): CodeIgniter\Debug\Exceptions->errorHandler(2, 'Undefined variable $validaciones', 'C:\\xampp\\htdocs\\Proyecto-Taller-1\\app\\Views\\registro.php', 14)
 2 SYSTEMPATH\View\View.php(224): include('C:\\xampp\\htdocs\\Proyecto-Taller-1\\app\\Views\\registro.php')
 3 SYSTEMPATH\View\View.php(227): CodeIgniter\View\View->CodeIgniter\View\{closure}()
 4 SYSTEMPATH\Common.php(1173): CodeIgniter\View\View->render('registro', [], true)
 5 APPPATH\Controllers\BaseController.php(60): view('registro')
 6 APPPATH\Controllers\AuthController.php(21): App\Controllers\BaseController->cargarVista('registro', [...])
 7 SYSTEMPATH\CodeIgniter.php(933): App\Controllers\AuthController->vistaRegistro()
 8 SYSTEMPATH\CodeIgniter.php(507): CodeIgniter\CodeIgniter->runController(Object(App\Controllers\AuthController))
 9 SYSTEMPATH\CodeIgniter.php(354): CodeIgniter\CodeIgniter->handleRequest(null, Object(Config\Cache), false)
10 SYSTEMPATH\Boot.php(334): CodeIgniter\CodeIgniter->run()
11 SYSTEMPATH\Boot.php(67): CodeIgniter\Boot::runCodeIgniter(Object(CodeIgniter\CodeIgniter))
12 FCPATH\index.php(56): CodeIgniter\Boot::bootWeb(Object(Config\Paths))
DEBUG - 2025-05-24 15:50:43 --> Session: Class initialized using 'CodeIgniter\Session\Handlers\FileHandler' driver.
CRITICAL - 2025-05-24 16:01:18 --> ErrorException: Undefined variable $validaciones
[Method: GET, Route: registro]
in APPPATH\Views\registro.php on line 32.
 1 APPPATH\Views\registro.php(32): CodeIgniter\Debug\Exceptions->errorHandler(2, 'Undefined variable $validaciones', 'C:\\xampp\\htdocs\\Proyecto-Taller-1\\app\\Views\\registro.php', 32)
 2 SYSTEMPATH\View\View.php(224): include('C:\\xampp\\htdocs\\Proyecto-Taller-1\\app\\Views\\registro.php')
 3 SYSTEMPATH\View\View.php(227): CodeIgniter\View\View->CodeIgniter\View\{closure}()
 4 SYSTEMPATH\Common.php(1173): CodeIgniter\View\View->render('registro', [], true)
 5 APPPATH\Controllers\BaseController.php(60): view('registro')
 6 APPPATH\Controllers\AuthController.php(21): App\Controllers\BaseController->cargarVista('registro', [...])
 7 SYSTEMPATH\CodeIgniter.php(933): App\Controllers\AuthController->vistaRegistro()
 8 SYSTEMPATH\CodeIgniter.php(507): CodeIgniter\CodeIgniter->runController(Object(App\Controllers\AuthController))
 9 SYSTEMPATH\CodeIgniter.php(354): CodeIgniter\CodeIgniter->handleRequest(null, Object(Config\Cache), false)
10 SYSTEMPATH\Boot.php(334): CodeIgniter\CodeIgniter->run()
11 SYSTEMPATH\Boot.php(67): CodeIgniter\Boot::runCodeIgniter(Object(CodeIgniter\CodeIgniter))
12 FCPATH\index.php(56): CodeIgniter\Boot::bootWeb(Object(Config\Paths))
CRITICAL - 2025-05-24 16:01:32 --> ErrorException: Undefined variable $validaciones
[Method: GET, Route: registro]
in APPPATH\Views\registro.php on line 32.
 1 APPPATH\Views\registro.php(32): CodeIgniter\Debug\Exceptions->errorHandler(2, 'Undefined variable $validaciones', 'C:\\xampp\\htdocs\\Proyecto-Taller-1\\app\\Views\\registro.php', 32)
 2 SYSTEMPATH\View\View.php(224): include('C:\\xampp\\htdocs\\Proyecto-Taller-1\\app\\Views\\registro.php')
 3 SYSTEMPATH\View\View.php(227): CodeIgniter\View\View->CodeIgniter\View\{closure}()
 4 SYSTEMPATH\Common.php(1173): CodeIgniter\View\View->render('registro', [], true)
 5 APPPATH\Controllers\BaseController.php(60): view('registro')
 6 APPPATH\Controllers\AuthController.php(21): App\Controllers\BaseController->cargarVista('registro', [...])
 7 SYSTEMPATH\CodeIgniter.php(933): App\Controllers\AuthController->vistaRegistro()
 8 SYSTEMPATH\CodeIgniter.php(507): CodeIgniter\CodeIgniter->runController(Object(App\Controllers\AuthController))
 9 SYSTEMPATH\CodeIgniter.php(354): CodeIgniter\CodeIgniter->handleRequest(null, Object(Config\Cache), false)
10 SYSTEMPATH\Boot.php(334): CodeIgniter\CodeIgniter->run()
11 SYSTEMPATH\Boot.php(67): CodeIgniter\Boot::runCodeIgniter(Object(CodeIgniter\CodeIgniter))
12 FCPATH\index.php(56): CodeIgniter\Boot::bootWeb(Object(Config\Paths))
CRITICAL - 2025-05-24 16:02:29 --> ParseError: syntax error, unexpected token "}", expecting "," or ";"
[Method: GET, Route: registro]
in APPPATH\Views\registro.php on line 33.
 1 SYSTEMPATH\View\View.php(227): CodeIgniter\View\View->CodeIgniter\View\{closure}()
 2 SYSTEMPATH\Common.php(1173): CodeIgniter\View\View->render('registro', [], true)
 3 APPPATH\Controllers\BaseController.php(60): view('registro')
 4 APPPATH\Controllers\AuthController.php(21): App\Controllers\BaseController->cargarVista('registro', [...])
 5 SYSTEMPATH\CodeIgniter.php(933): App\Controllers\AuthController->vistaRegistro()
 6 SYSTEMPATH\CodeIgniter.php(507): CodeIgniter\CodeIgniter->runController(Object(App\Controllers\AuthController))
 7 SYSTEMPATH\CodeIgniter.php(354): CodeIgniter\CodeIgniter->handleRequest(null, Object(Config\Cache), false)
 8 SYSTEMPATH\Boot.php(334): CodeIgniter\CodeIgniter->run()
 9 SYSTEMPATH\Boot.php(67): CodeIgniter\Boot::runCodeIgniter(Object(CodeIgniter\CodeIgniter))
10 FCPATH\index.php(56): CodeIgniter\Boot::bootWeb(Object(Config\Paths))
CRITICAL - 2025-05-24 16:08:13 --> ErrorException: Undefined variable $validaciones
[Method: GET, Route: registro]
in APPPATH\Views\registro.php on line 31.
 1 APPPATH\Views\registro.php(31): CodeIgniter\Debug\Exceptions->errorHandler(2, 'Undefined variable $validaciones', 'C:\\xampp\\htdocs\\Proyecto-Taller-1\\app\\Views\\registro.php', 31)
 2 SYSTEMPATH\View\View.php(224): include('C:\\xampp\\htdocs\\Proyecto-Taller-1\\app\\Views\\registro.php')
 3 SYSTEMPATH\View\View.php(227): CodeIgniter\View\View->CodeIgniter\View\{closure}()
 4 SYSTEMPATH\Common.php(1173): CodeIgniter\View\View->render('registro', [], true)
 5 APPPATH\Controllers\BaseController.php(60): view('registro')
 6 APPPATH\Controllers\AuthController.php(21): App\Controllers\BaseController->cargarVista('registro', [...])
 7 SYSTEMPATH\CodeIgniter.php(933): App\Controllers\AuthController->vistaRegistro()
 8 SYSTEMPATH\CodeIgniter.php(507): CodeIgniter\CodeIgniter->runController(Object(App\Controllers\AuthController))
 9 SYSTEMPATH\CodeIgniter.php(354): CodeIgniter\CodeIgniter->handleRequest(null, Object(Config\Cache), false)
10 SYSTEMPATH\Boot.php(334): CodeIgniter\CodeIgniter->run()
11 SYSTEMPATH\Boot.php(67): CodeIgniter\Boot::runCodeIgniter(Object(CodeIgniter\CodeIgniter))
12 FCPATH\index.php(56): CodeIgniter\Boot::bootWeb(Object(Config\Paths))
CRITICAL - 2025-05-24 22:03:48 --> Error: Call to undefined function set_value()
[Method: POST, Route: registrar]
in APPPATH\Views\registro.php on line 13.
 1 SYSTEMPATH\View\View.php(224): include()
 2 SYSTEMPATH\View\View.php(227): CodeIgniter\View\View->CodeIgniter\View\{closure}()
 3 SYSTEMPATH\Common.php(1173): CodeIgniter\View\View->render('registro', [], true)
 4 APPPATH\Controllers\BaseController.php(60): view('registro')
 5 APPPATH\Controllers\AuthController.php(82): App\Controllers\BaseController->cargarVista('registro', [...])
 6 SYSTEMPATH\CodeIgniter.php(933): App\Controllers\AuthController->register()
 7 SYSTEMPATH\CodeIgniter.php(507): CodeIgniter\CodeIgniter->runController(Object(App\Controllers\AuthController))
 8 SYSTEMPATH\CodeIgniter.php(354): CodeIgniter\CodeIgniter->handleRequest(null, Object(Config\Cache), false)
 9 SYSTEMPATH\Boot.php(334): CodeIgniter\CodeIgniter->run()
10 SYSTEMPATH\Boot.php(67): CodeIgniter\Boot::runCodeIgniter(Object(CodeIgniter\CodeIgniter))
11 FCPATH\index.php(56): CodeIgniter\Boot::bootWeb(Object(Config\Paths))
CRITICAL - 2025-05-24 22:04:43 --> Error: Call to undefined function set_value()
[Method: POST, Route: registrar]
in APPPATH\Views\registro.php on line 35.
 1 SYSTEMPATH\View\View.php(224): include()
 2 SYSTEMPATH\View\View.php(227): CodeIgniter\View\View->CodeIgniter\View\{closure}()
 3 SYSTEMPATH\Common.php(1173): CodeIgniter\View\View->render('registro', [], true)
 4 APPPATH\Controllers\BaseController.php(60): view('registro')
 5 APPPATH\Controllers\AuthController.php(82): App\Controllers\BaseController->cargarVista('registro', [...])
 6 SYSTEMPATH\CodeIgniter.php(933): App\Controllers\AuthController->register()
 7 SYSTEMPATH\CodeIgniter.php(507): CodeIgniter\CodeIgniter->runController(Object(App\Controllers\AuthController))
 8 SYSTEMPATH\CodeIgniter.php(354): CodeIgniter\CodeIgniter->handleRequest(null, Object(Config\Cache), false)
 9 SYSTEMPATH\Boot.php(334): CodeIgniter\CodeIgniter->run()
10 SYSTEMPATH\Boot.php(67): CodeIgniter\Boot::runCodeIgniter(Object(CodeIgniter\CodeIgniter))
11 FCPATH\index.php(56): CodeIgniter\Boot::bootWeb(Object(Config\Paths))
CRITICAL - 2025-05-24 22:04:50 --> Error: Call to undefined function set_value()
[Method: GET, Route: registro]
in APPPATH\Views\registro.php on line 35.
 1 SYSTEMPATH\View\View.php(224): include()
 2 SYSTEMPATH\View\View.php(227): CodeIgniter\View\View->CodeIgniter\View\{closure}()
 3 SYSTEMPATH\Common.php(1173): CodeIgniter\View\View->render('registro', [], true)
 4 APPPATH\Controllers\BaseController.php(60): view('registro')
 5 APPPATH\Controllers\AuthController.php(21): App\Controllers\BaseController->cargarVista('registro', [...])
 6 SYSTEMPATH\CodeIgniter.php(933): App\Controllers\AuthController->vistaRegistro()
 7 SYSTEMPATH\CodeIgniter.php(507): CodeIgniter\CodeIgniter->runController(Object(App\Controllers\AuthController))
 8 SYSTEMPATH\CodeIgniter.php(354): CodeIgniter\CodeIgniter->handleRequest(null, Object(Config\Cache), false)
 9 SYSTEMPATH\Boot.php(334): CodeIgniter\CodeIgniter->run()
10 SYSTEMPATH\Boot.php(67): CodeIgniter\Boot::runCodeIgniter(Object(CodeIgniter\CodeIgniter))
11 FCPATH\index.php(56): CodeIgniter\Boot::bootWeb(Object(Config\Paths))
CRITICAL - 2025-05-24 22:05:54 --> Error: Call to undefined function set_value()
[Method: GET, Route: registro]
in APPPATH\Views\registro.php on line 35.
 1 SYSTEMPATH\View\View.php(224): include()
 2 SYSTEMPATH\View\View.php(227): CodeIgniter\View\View->CodeIgniter\View\{closure}()
 3 SYSTEMPATH\Common.php(1173): CodeIgniter\View\View->render('registro', [], true)
 4 APPPATH\Controllers\BaseController.php(60): view('registro')
 5 APPPATH\Controllers\AuthController.php(21): App\Controllers\BaseController->cargarVista('registro', [...])
 6 SYSTEMPATH\CodeIgniter.php(933): App\Controllers\AuthController->vistaRegistro()
 7 SYSTEMPATH\CodeIgniter.php(507): CodeIgniter\CodeIgniter->runController(Object(App\Controllers\AuthController))
 8 SYSTEMPATH\CodeIgniter.php(354): CodeIgniter\CodeIgniter->handleRequest(null, Object(Config\Cache), false)
 9 SYSTEMPATH\Boot.php(334): CodeIgniter\CodeIgniter->run()
10 SYSTEMPATH\Boot.php(67): CodeIgniter\Boot::runCodeIgniter(Object(CodeIgniter\CodeIgniter))
11 FCPATH\index.php(56): CodeIgniter\Boot::bootWeb(Object(Config\Paths))
CRITICAL - 2025-05-24 22:12:36 --> Error: Call to undefined function set_value()
[Method: GET, Route: registro]
in APPPATH\Views\registro.php on line 36.
 1 SYSTEMPATH\View\View.php(224): include()
 2 SYSTEMPATH\View\View.php(227): CodeIgniter\View\View->CodeIgniter\View\{closure}()
 3 SYSTEMPATH\Common.php(1173): CodeIgniter\View\View->render('registro', [], true)
 4 APPPATH\Controllers\BaseController.php(60): view('registro')
 5 APPPATH\Controllers\AuthController.php(21): App\Controllers\BaseController->cargarVista('registro', [...])
 6 SYSTEMPATH\CodeIgniter.php(933): App\Controllers\AuthController->vistaRegistro()
 7 SYSTEMPATH\CodeIgniter.php(507): CodeIgniter\CodeIgniter->runController(Object(App\Controllers\AuthController))
 8 SYSTEMPATH\CodeIgniter.php(354): CodeIgniter\CodeIgniter->handleRequest(null, Object(Config\Cache), false)
 9 SYSTEMPATH\Boot.php(334): CodeIgniter\CodeIgniter->run()
10 SYSTEMPATH\Boot.php(67): CodeIgniter\Boot::runCodeIgniter(Object(CodeIgniter\CodeIgniter))
11 FCPATH\index.php(56): CodeIgniter\Boot::bootWeb(Object(Config\Paths))
CRITICAL - 2025-05-24 22:13:29 --> Error: Call to undefined function set_value()
[Method: GET, Route: registro]
in APPPATH\Views\registro.php on line 36.
 1 SYSTEMPATH\View\View.php(224): include()
 2 SYSTEMPATH\View\View.php(227): CodeIgniter\View\View->CodeIgniter\View\{closure}()
 3 SYSTEMPATH\Common.php(1173): CodeIgniter\View\View->render('registro', [], true)
 4 APPPATH\Controllers\BaseController.php(60): view('registro')
 5 APPPATH\Controllers\AuthController.php(21): App\Controllers\BaseController->cargarVista('registro', [...])
 6 SYSTEMPATH\CodeIgniter.php(933): App\Controllers\AuthController->vistaRegistro()
 7 SYSTEMPATH\CodeIgniter.php(507): CodeIgniter\CodeIgniter->runController(Object(App\Controllers\AuthController))
 8 SYSTEMPATH\CodeIgniter.php(354): CodeIgniter\CodeIgniter->handleRequest(null, Object(Config\Cache), false)
 9 SYSTEMPATH\Boot.php(334): CodeIgniter\CodeIgniter->run()
10 SYSTEMPATH\Boot.php(67): CodeIgniter\Boot::runCodeIgniter(Object(CodeIgniter\CodeIgniter))
11 FCPATH\index.php(56): CodeIgniter\Boot::bootWeb(Object(Config\Paths))
CRITICAL - 2025-05-24 22:13:32 --> Error: Call to undefined function set_value()
[Method: GET, Route: registro]
in APPPATH\Views\registro.php on line 36.
 1 SYSTEMPATH\View\View.php(224): include()
 2 SYSTEMPATH\View\View.php(227): CodeIgniter\View\View->CodeIgniter\View\{closure}()
 3 SYSTEMPATH\Common.php(1173): CodeIgniter\View\View->render('registro', [], true)
 4 APPPATH\Controllers\BaseController.php(60): view('registro')
 5 APPPATH\Controllers\AuthController.php(21): App\Controllers\BaseController->cargarVista('registro', [...])
 6 SYSTEMPATH\CodeIgniter.php(933): App\Controllers\AuthController->vistaRegistro()
 7 SYSTEMPATH\CodeIgniter.php(507): CodeIgniter\CodeIgniter->runController(Object(App\Controllers\AuthController))
 8 SYSTEMPATH\CodeIgniter.php(354): CodeIgniter\CodeIgniter->handleRequest(null, Object(Config\Cache), false)
 9 SYSTEMPATH\Boot.php(334): CodeIgniter\CodeIgniter->run()
10 SYSTEMPATH\Boot.php(67): CodeIgniter\Boot::runCodeIgniter(Object(CodeIgniter\CodeIgniter))
11 FCPATH\index.php(56): CodeIgniter\Boot::bootWeb(Object(Config\Paths))
DEBUG - 2025-05-24 22:24:29 --> Session: Class initialized using 'CodeIgniter\Session\Handlers\FileHandler' driver.
ERROR - 2025-05-24 23:01:53 --> mysqli_sql_exception: Unknown column 'usuario.deleted_at' in 'where clause' in C:\xampp\htdocs\Proyecto-Taller-1\system\Database\MySQLi\Connection.php:327
Stack trace:
#0 C:\xampp\htdocs\Proyecto-Taller-1\system\Database\MySQLi\Connection.php(327): mysqli->query('SELECT *\nFROM `...', 0)
#1 C:\xampp\htdocs\Proyecto-Taller-1\system\Database\BaseConnection.php(738): CodeIgniter\Database\MySQLi\Connection->execute('SELECT *\nFROM `...')
#2 C:\xampp\htdocs\Proyecto-Taller-1\system\Database\BaseConnection.php(652): CodeIgniter\Database\BaseConnection->simpleQuery('SELECT *\nFROM `...')
#3 C:\xampp\htdocs\Proyecto-Taller-1\system\Database\BaseBuilder.php(1649): CodeIgniter\Database\BaseConnection->query('SELECT *\nFROM `...', Array, false)
#4 C:\xampp\htdocs\Proyecto-Taller-1\system\Model.php(286): CodeIgniter\Database\BaseBuilder->get()
#5 C:\xampp\htdocs\Proyecto-Taller-1\system\BaseModel.php(675): CodeIgniter\Model->doFindAll(0, 0)
#6 C:\xampp\htdocs\Proyecto-Taller-1\app\Controllers\AuthController.php(92): CodeIgniter\BaseModel->findAll()
#7 C:\xampp\htdocs\Proyecto-Taller-1\system\CodeIgniter.php(933): App\Controllers\AuthController->leer()
#8 C:\xampp\htdocs\Proyecto-Taller-1\system\CodeIgniter.php(507): CodeIgniter\CodeIgniter->runController(Object(App\Controllers\AuthController))
#9 C:\xampp\htdocs\Proyecto-Taller-1\system\CodeIgniter.php(354): CodeIgniter\CodeIgniter->handleRequest(NULL, Object(Config\Cache), false)
#10 C:\xampp\htdocs\Proyecto-Taller-1\system\Boot.php(334): CodeIgniter\CodeIgniter->run()
#11 C:\xampp\htdocs\Proyecto-Taller-1\system\Boot.php(67): CodeIgniter\Boot::runCodeIgniter(Object(CodeIgniter\CodeIgniter))
#12 C:\xampp\htdocs\Proyecto-Taller-1\index.php(56): CodeIgniter\Boot::bootWeb(Object(Config\Paths))
#13 {main}
CRITICAL - 2025-05-24 23:01:53 --> CodeIgniter\Database\Exceptions\DatabaseException: Unknown column 'usuario.deleted_at' in 'where clause'
[Method: GET, Route: leer]
in SYSTEMPATH\Database\BaseConnection.php on line 692.
 1 SYSTEMPATH\Database\BaseBuilder.php(1649): CodeIgniter\Database\BaseConnection->query('SELECT *
FROM `usuario`
WHERE `usuario`.`deleted_at` IS NULL', [], false)
 2 SYSTEMPATH\Model.php(286): CodeIgniter\Database\BaseBuilder->get()
 3 SYSTEMPATH\BaseModel.php(675): CodeIgniter\Model->doFindAll(0, 0)
 4 APPPATH\Controllers\AuthController.php(92): CodeIgniter\BaseModel->findAll()
 5 SYSTEMPATH\CodeIgniter.php(933): App\Controllers\AuthController->leer()
 6 SYSTEMPATH\CodeIgniter.php(507): CodeIgniter\CodeIgniter->runController(Object(App\Controllers\AuthController))
 7 SYSTEMPATH\CodeIgniter.php(354): CodeIgniter\CodeIgniter->handleRequest(null, Object(Config\Cache), false)
 8 SYSTEMPATH\Boot.php(334): CodeIgniter\CodeIgniter->run()
 9 SYSTEMPATH\Boot.php(67): CodeIgniter\Boot::runCodeIgniter(Object(CodeIgniter\CodeIgniter))
10 FCPATH\index.php(56): CodeIgniter\Boot::bootWeb(Object(Config\Paths))
CRITICAL - 2025-05-24 23:01:53 --> [Caused by] CodeIgniter\Database\Exceptions\DatabaseException: Unknown column 'usuario.deleted_at' in 'where clause'
in SYSTEMPATH\Database\MySQLi\Connection.php on line 332.
 1 SYSTEMPATH\Database\BaseConnection.php(738): CodeIgniter\Database\MySQLi\Connection->execute('SELECT *
FROM `usuario`
WHERE `usuario`.`deleted_at` IS NULL')
 2 SYSTEMPATH\Database\BaseConnection.php(652): CodeIgniter\Database\BaseConnection->simpleQuery('SELECT *
FROM `usuario`
WHERE `usuario`.`deleted_at` IS NULL')
 3 SYSTEMPATH\Database\BaseBuilder.php(1649): CodeIgniter\Database\BaseConnection->query('SELECT *
FROM `usuario`
WHERE `usuario`.`deleted_at` IS NULL', [], false)
 4 SYSTEMPATH\Model.php(286): CodeIgniter\Database\BaseBuilder->get()
 5 SYSTEMPATH\BaseModel.php(675): CodeIgniter\Model->doFindAll(0, 0)
 6 APPPATH\Controllers\AuthController.php(92): CodeIgniter\BaseModel->findAll()
 7 SYSTEMPATH\CodeIgniter.php(933): App\Controllers\AuthController->leer()
 8 SYSTEMPATH\CodeIgniter.php(507): CodeIgniter\CodeIgniter->runController(Object(App\Controllers\AuthController))
 9 SYSTEMPATH\CodeIgniter.php(354): CodeIgniter\CodeIgniter->handleRequest(null, Object(Config\Cache), false)
10 SYSTEMPATH\Boot.php(334): CodeIgniter\CodeIgniter->run()
11 SYSTEMPATH\Boot.php(67): CodeIgniter\Boot::runCodeIgniter(Object(CodeIgniter\CodeIgniter))
12 FCPATH\index.php(56): CodeIgniter\Boot::bootWeb(Object(Config\Paths))
CRITICAL - 2025-05-24 23:01:53 --> [Caused by] mysqli_sql_exception: Unknown column 'usuario.deleted_at' in 'where clause'
in SYSTEMPATH\Database\MySQLi\Connection.php on line 327.
 1 SYSTEMPATH\Database\MySQLi\Connection.php(327): mysqli->query('SELECT *
FROM `usuario`
WHERE `usuario`.`deleted_at` IS NULL', 0)
 2 SYSTEMPATH\Database\BaseConnection.php(738): CodeIgniter\Database\MySQLi\Connection->execute('SELECT *
FROM `usuario`
WHERE `usuario`.`deleted_at` IS NULL')
 3 SYSTEMPATH\Database\BaseConnection.php(652): CodeIgniter\Database\BaseConnection->simpleQuery('SELECT *
FROM `usuario`
WHERE `usuario`.`deleted_at` IS NULL')
 4 SYSTEMPATH\Database\BaseBuilder.php(1649): CodeIgniter\Database\BaseConnection->query('SELECT *
FROM `usuario`
WHERE `usuario`.`deleted_at` IS NULL', [], false)
 5 SYSTEMPATH\Model.php(286): CodeIgniter\Database\BaseBuilder->get()
 6 SYSTEMPATH\BaseModel.php(675): CodeIgniter\Model->doFindAll(0, 0)
 7 APPPATH\Controllers\AuthController.php(92): CodeIgniter\BaseModel->findAll()
 8 SYSTEMPATH\CodeIgniter.php(933): App\Controllers\AuthController->leer()
 9 SYSTEMPATH\CodeIgniter.php(507): CodeIgniter\CodeIgniter->runController(Object(App\Controllers\AuthController))
10 SYSTEMPATH\CodeIgniter.php(354): CodeIgniter\CodeIgniter->handleRequest(null, Object(Config\Cache), false)
11 SYSTEMPATH\Boot.php(334): CodeIgniter\CodeIgniter->run()
12 SYSTEMPATH\Boot.php(67): CodeIgniter\Boot::runCodeIgniter(Object(CodeIgniter\CodeIgniter))
13 FCPATH\index.php(56): CodeIgniter\Boot::bootWeb(Object(Config\Paths))
ERROR - 2025-05-24 23:05:02 --> mysqli_sql_exception: Unknown column 'usuario.deleted_at' in 'where clause' in C:\xampp\htdocs\Proyecto-Taller-1\system\Database\MySQLi\Connection.php:327
Stack trace:
#0 C:\xampp\htdocs\Proyecto-Taller-1\system\Database\MySQLi\Connection.php(327): mysqli->query('SELECT *\nFROM `...', 0)
#1 C:\xampp\htdocs\Proyecto-Taller-1\system\Database\BaseConnection.php(738): CodeIgniter\Database\MySQLi\Connection->execute('SELECT *\nFROM `...')
#2 C:\xampp\htdocs\Proyecto-Taller-1\system\Database\BaseConnection.php(652): CodeIgniter\Database\BaseConnection->simpleQuery('SELECT *\nFROM `...')
#3 C:\xampp\htdocs\Proyecto-Taller-1\system\Database\BaseBuilder.php(1649): CodeIgniter\Database\BaseConnection->query('SELECT *\nFROM `...', Array, false)
#4 C:\xampp\htdocs\Proyecto-Taller-1\system\Model.php(286): CodeIgniter\Database\BaseBuilder->get()
#5 C:\xampp\htdocs\Proyecto-Taller-1\system\BaseModel.php(675): CodeIgniter\Model->doFindAll(0, 0)
#6 C:\xampp\htdocs\Proyecto-Taller-1\app\Controllers\AuthController.php(92): CodeIgniter\BaseModel->findAll()
#7 C:\xampp\htdocs\Proyecto-Taller-1\system\CodeIgniter.php(933): App\Controllers\AuthController->leer()
#8 C:\xampp\htdocs\Proyecto-Taller-1\system\CodeIgniter.php(507): CodeIgniter\CodeIgniter->runController(Object(App\Controllers\AuthController))
#9 C:\xampp\htdocs\Proyecto-Taller-1\system\CodeIgniter.php(354): CodeIgniter\CodeIgniter->handleRequest(NULL, Object(Config\Cache), false)
#10 C:\xampp\htdocs\Proyecto-Taller-1\system\Boot.php(334): CodeIgniter\CodeIgniter->run()
#11 C:\xampp\htdocs\Proyecto-Taller-1\system\Boot.php(67): CodeIgniter\Boot::runCodeIgniter(Object(CodeIgniter\CodeIgniter))
#12 C:\xampp\htdocs\Proyecto-Taller-1\index.php(56): CodeIgniter\Boot::bootWeb(Object(Config\Paths))
#13 {main}
CRITICAL - 2025-05-24 23:05:02 --> CodeIgniter\Database\Exceptions\DatabaseException: Unknown column 'usuario.deleted_at' in 'where clause'
[Method: GET, Route: leer]
in SYSTEMPATH\Database\BaseConnection.php on line 692.
 1 SYSTEMPATH\Database\BaseBuilder.php(1649): CodeIgniter\Database\BaseConnection->query('SELECT *
FROM `usuario`
WHERE `usuario`.`deleted_at` IS NULL', [], false)
 2 SYSTEMPATH\Model.php(286): CodeIgniter\Database\BaseBuilder->get()
 3 SYSTEMPATH\BaseModel.php(675): CodeIgniter\Model->doFindAll(0, 0)
 4 APPPATH\Controllers\AuthController.php(92): CodeIgniter\BaseModel->findAll()
 5 SYSTEMPATH\CodeIgniter.php(933): App\Controllers\AuthController->leer()
 6 SYSTEMPATH\CodeIgniter.php(507): CodeIgniter\CodeIgniter->runController(Object(App\Controllers\AuthController))
 7 SYSTEMPATH\CodeIgniter.php(354): CodeIgniter\CodeIgniter->handleRequest(null, Object(Config\Cache), false)
 8 SYSTEMPATH\Boot.php(334): CodeIgniter\CodeIgniter->run()
 9 SYSTEMPATH\Boot.php(67): CodeIgniter\Boot::runCodeIgniter(Object(CodeIgniter\CodeIgniter))
10 FCPATH\index.php(56): CodeIgniter\Boot::bootWeb(Object(Config\Paths))
CRITICAL - 2025-05-24 23:05:02 --> [Caused by] CodeIgniter\Database\Exceptions\DatabaseException: Unknown column 'usuario.deleted_at' in 'where clause'
in SYSTEMPATH\Database\MySQLi\Connection.php on line 332.
 1 SYSTEMPATH\Database\BaseConnection.php(738): CodeIgniter\Database\MySQLi\Connection->execute('SELECT *
FROM `usuario`
WHERE `usuario`.`deleted_at` IS NULL')
 2 SYSTEMPATH\Database\BaseConnection.php(652): CodeIgniter\Database\BaseConnection->simpleQuery('SELECT *
FROM `usuario`
WHERE `usuario`.`deleted_at` IS NULL')
 3 SYSTEMPATH\Database\BaseBuilder.php(1649): CodeIgniter\Database\BaseConnection->query('SELECT *
FROM `usuario`
WHERE `usuario`.`deleted_at` IS NULL', [], false)
 4 SYSTEMPATH\Model.php(286): CodeIgniter\Database\BaseBuilder->get()
 5 SYSTEMPATH\BaseModel.php(675): CodeIgniter\Model->doFindAll(0, 0)
 6 APPPATH\Controllers\AuthController.php(92): CodeIgniter\BaseModel->findAll()
 7 SYSTEMPATH\CodeIgniter.php(933): App\Controllers\AuthController->leer()
 8 SYSTEMPATH\CodeIgniter.php(507): CodeIgniter\CodeIgniter->runController(Object(App\Controllers\AuthController))
 9 SYSTEMPATH\CodeIgniter.php(354): CodeIgniter\CodeIgniter->handleRequest(null, Object(Config\Cache), false)
10 SYSTEMPATH\Boot.php(334): CodeIgniter\CodeIgniter->run()
11 SYSTEMPATH\Boot.php(67): CodeIgniter\Boot::runCodeIgniter(Object(CodeIgniter\CodeIgniter))
12 FCPATH\index.php(56): CodeIgniter\Boot::bootWeb(Object(Config\Paths))
CRITICAL - 2025-05-24 23:05:02 --> [Caused by] mysqli_sql_exception: Unknown column 'usuario.deleted_at' in 'where clause'
in SYSTEMPATH\Database\MySQLi\Connection.php on line 327.
 1 SYSTEMPATH\Database\MySQLi\Connection.php(327): mysqli->query('SELECT *
FROM `usuario`
WHERE `usuario`.`deleted_at` IS NULL', 0)
 2 SYSTEMPATH\Database\BaseConnection.php(738): CodeIgniter\Database\MySQLi\Connection->execute('SELECT *
FROM `usuario`
WHERE `usuario`.`deleted_at` IS NULL')
 3 SYSTEMPATH\Database\BaseConnection.php(652): CodeIgniter\Database\BaseConnection->simpleQuery('SELECT *
FROM `usuario`
WHERE `usuario`.`deleted_at` IS NULL')
 4 SYSTEMPATH\Database\BaseBuilder.php(1649): CodeIgniter\Database\BaseConnection->query('SELECT *
FROM `usuario`
WHERE `usuario`.`deleted_at` IS NULL', [], false)
 5 SYSTEMPATH\Model.php(286): CodeIgniter\Database\BaseBuilder->get()
 6 SYSTEMPATH\BaseModel.php(675): CodeIgniter\Model->doFindAll(0, 0)
 7 APPPATH\Controllers\AuthController.php(92): CodeIgniter\BaseModel->findAll()
 8 SYSTEMPATH\CodeIgniter.php(933): App\Controllers\AuthController->leer()
 9 SYSTEMPATH\CodeIgniter.php(507): CodeIgniter\CodeIgniter->runController(Object(App\Controllers\AuthController))
10 SYSTEMPATH\CodeIgniter.php(354): CodeIgniter\CodeIgniter->handleRequest(null, Object(Config\Cache), false)
11 SYSTEMPATH\Boot.php(334): CodeIgniter\CodeIgniter->run()
12 SYSTEMPATH\Boot.php(67): CodeIgniter\Boot::runCodeIgniter(Object(CodeIgniter\CodeIgniter))
13 FCPATH\index.php(56): CodeIgniter\Boot::bootWeb(Object(Config\Paths))
ERROR - 2025-05-24 23:08:23 --> mysqli_sql_exception: Unknown column 'usuario.deleted_at' in 'where clause' in C:\xampp\htdocs\Proyecto-Taller-1\system\Database\MySQLi\Connection.php:327
Stack trace:
#0 C:\xampp\htdocs\Proyecto-Taller-1\system\Database\MySQLi\Connection.php(327): mysqli->query('SELECT *\nFROM `...', 0)
#1 C:\xampp\htdocs\Proyecto-Taller-1\system\Database\BaseConnection.php(738): CodeIgniter\Database\MySQLi\Connection->execute('SELECT *\nFROM `...')
#2 C:\xampp\htdocs\Proyecto-Taller-1\system\Database\BaseConnection.php(652): CodeIgniter\Database\BaseConnection->simpleQuery('SELECT *\nFROM `...')
#3 C:\xampp\htdocs\Proyecto-Taller-1\system\Database\BaseBuilder.php(1649): CodeIgniter\Database\BaseConnection->query('SELECT *\nFROM `...', Array, false)
#4 C:\xampp\htdocs\Proyecto-Taller-1\system\Model.php(286): CodeIgniter\Database\BaseBuilder->get()
#5 C:\xampp\htdocs\Proyecto-Taller-1\system\BaseModel.php(675): CodeIgniter\Model->doFindAll(0, 0)
#6 C:\xampp\htdocs\Proyecto-Taller-1\app\Controllers\AuthController.php(92): CodeIgniter\BaseModel->findAll()
#7 C:\xampp\htdocs\Proyecto-Taller-1\system\CodeIgniter.php(933): App\Controllers\AuthController->leer()
#8 C:\xampp\htdocs\Proyecto-Taller-1\system\CodeIgniter.php(507): CodeIgniter\CodeIgniter->runController(Object(App\Controllers\AuthController))
#9 C:\xampp\htdocs\Proyecto-Taller-1\system\CodeIgniter.php(354): CodeIgniter\CodeIgniter->handleRequest(NULL, Object(Config\Cache), false)
#10 C:\xampp\htdocs\Proyecto-Taller-1\system\Boot.php(334): CodeIgniter\CodeIgniter->run()
#11 C:\xampp\htdocs\Proyecto-Taller-1\system\Boot.php(67): CodeIgniter\Boot::runCodeIgniter(Object(CodeIgniter\CodeIgniter))
#12 C:\xampp\htdocs\Proyecto-Taller-1\index.php(56): CodeIgniter\Boot::bootWeb(Object(Config\Paths))
#13 {main}
CRITICAL - 2025-05-24 23:08:23 --> CodeIgniter\Database\Exceptions\DatabaseException: Unknown column 'usuario.deleted_at' in 'where clause'
[Method: GET, Route: leer]
in SYSTEMPATH\Database\BaseConnection.php on line 692.
 1 SYSTEMPATH\Database\BaseBuilder.php(1649): CodeIgniter\Database\BaseConnection->query('SELECT *
FROM `usuario`
WHERE `usuario`.`deleted_at` IS NULL', [], false)
 2 SYSTEMPATH\Model.php(286): CodeIgniter\Database\BaseBuilder->get()
 3 SYSTEMPATH\BaseModel.php(675): CodeIgniter\Model->doFindAll(0, 0)
 4 APPPATH\Controllers\AuthController.php(92): CodeIgniter\BaseModel->findAll()
 5 SYSTEMPATH\CodeIgniter.php(933): App\Controllers\AuthController->leer()
 6 SYSTEMPATH\CodeIgniter.php(507): CodeIgniter\CodeIgniter->runController(Object(App\Controllers\AuthController))
 7 SYSTEMPATH\CodeIgniter.php(354): CodeIgniter\CodeIgniter->handleRequest(null, Object(Config\Cache), false)
 8 SYSTEMPATH\Boot.php(334): CodeIgniter\CodeIgniter->run()
 9 SYSTEMPATH\Boot.php(67): CodeIgniter\Boot::runCodeIgniter(Object(CodeIgniter\CodeIgniter))
10 FCPATH\index.php(56): CodeIgniter\Boot::bootWeb(Object(Config\Paths))
CRITICAL - 2025-05-24 23:08:23 --> [Caused by] CodeIgniter\Database\Exceptions\DatabaseException: Unknown column 'usuario.deleted_at' in 'where clause'
in SYSTEMPATH\Database\MySQLi\Connection.php on line 332.
 1 SYSTEMPATH\Database\BaseConnection.php(738): CodeIgniter\Database\MySQLi\Connection->execute('SELECT *
FROM `usuario`
WHERE `usuario`.`deleted_at` IS NULL')
 2 SYSTEMPATH\Database\BaseConnection.php(652): CodeIgniter\Database\BaseConnection->simpleQuery('SELECT *
FROM `usuario`
WHERE `usuario`.`deleted_at` IS NULL')
 3 SYSTEMPATH\Database\BaseBuilder.php(1649): CodeIgniter\Database\BaseConnection->query('SELECT *
FROM `usuario`
WHERE `usuario`.`deleted_at` IS NULL', [], false)
 4 SYSTEMPATH\Model.php(286): CodeIgniter\Database\BaseBuilder->get()
 5 SYSTEMPATH\BaseModel.php(675): CodeIgniter\Model->doFindAll(0, 0)
 6 APPPATH\Controllers\AuthController.php(92): CodeIgniter\BaseModel->findAll()
 7 SYSTEMPATH\CodeIgniter.php(933): App\Controllers\AuthController->leer()
 8 SYSTEMPATH\CodeIgniter.php(507): CodeIgniter\CodeIgniter->runController(Object(App\Controllers\AuthController))
 9 SYSTEMPATH\CodeIgniter.php(354): CodeIgniter\CodeIgniter->handleRequest(null, Object(Config\Cache), false)
10 SYSTEMPATH\Boot.php(334): CodeIgniter\CodeIgniter->run()
11 SYSTEMPATH\Boot.php(67): CodeIgniter\Boot::runCodeIgniter(Object(CodeIgniter\CodeIgniter))
12 FCPATH\index.php(56): CodeIgniter\Boot::bootWeb(Object(Config\Paths))
CRITICAL - 2025-05-24 23:08:23 --> [Caused by] mysqli_sql_exception: Unknown column 'usuario.deleted_at' in 'where clause'
in SYSTEMPATH\Database\MySQLi\Connection.php on line 327.
 1 SYSTEMPATH\Database\MySQLi\Connection.php(327): mysqli->query('SELECT *
FROM `usuario`
WHERE `usuario`.`deleted_at` IS NULL', 0)
 2 SYSTEMPATH\Database\BaseConnection.php(738): CodeIgniter\Database\MySQLi\Connection->execute('SELECT *
FROM `usuario`
WHERE `usuario`.`deleted_at` IS NULL')
 3 SYSTEMPATH\Database\BaseConnection.php(652): CodeIgniter\Database\BaseConnection->simpleQuery('SELECT *
FROM `usuario`
WHERE `usuario`.`deleted_at` IS NULL')
 4 SYSTEMPATH\Database\BaseBuilder.php(1649): CodeIgniter\Database\BaseConnection->query('SELECT *
FROM `usuario`
WHERE `usuario`.`deleted_at` IS NULL', [], false)
 5 SYSTEMPATH\Model.php(286): CodeIgniter\Database\BaseBuilder->get()
 6 SYSTEMPATH\BaseModel.php(675): CodeIgniter\Model->doFindAll(0, 0)
 7 APPPATH\Controllers\AuthController.php(92): CodeIgniter\BaseModel->findAll()
 8 SYSTEMPATH\CodeIgniter.php(933): App\Controllers\AuthController->leer()
 9 SYSTEMPATH\CodeIgniter.php(507): CodeIgniter\CodeIgniter->runController(Object(App\Controllers\AuthController))
10 SYSTEMPATH\CodeIgniter.php(354): CodeIgniter\CodeIgniter->handleRequest(null, Object(Config\Cache), false)
11 SYSTEMPATH\Boot.php(334): CodeIgniter\CodeIgniter->run()
12 SYSTEMPATH\Boot.php(67): CodeIgniter\Boot::runCodeIgniter(Object(CodeIgniter\CodeIgniter))
13 FCPATH\index.php(56): CodeIgniter\Boot::bootWeb(Object(Config\Paths))
ERROR - 2025-05-24 23:10:41 --> mysqli_sql_exception: Unknown column 'usuario.deleted_at' in 'where clause' in C:\xampp\htdocs\Proyecto-Taller-1\system\Database\MySQLi\Connection.php:327
Stack trace:
#0 C:\xampp\htdocs\Proyecto-Taller-1\system\Database\MySQLi\Connection.php(327): mysqli->query('SELECT *\nFROM `...', 0)
#1 C:\xampp\htdocs\Proyecto-Taller-1\system\Database\BaseConnection.php(738): CodeIgniter\Database\MySQLi\Connection->execute('SELECT *\nFROM `...')
#2 C:\xampp\htdocs\Proyecto-Taller-1\system\Database\BaseConnection.php(652): CodeIgniter\Database\BaseConnection->simpleQuery('SELECT *\nFROM `...')
#3 C:\xampp\htdocs\Proyecto-Taller-1\system\Database\BaseBuilder.php(1649): CodeIgniter\Database\BaseConnection->query('SELECT *\nFROM `...', Array, false)
#4 C:\xampp\htdocs\Proyecto-Taller-1\system\Model.php(286): CodeIgniter\Database\BaseBuilder->get()
#5 C:\xampp\htdocs\Proyecto-Taller-1\system\BaseModel.php(675): CodeIgniter\Model->doFindAll(0, 0)
#6 C:\xampp\htdocs\Proyecto-Taller-1\app\Controllers\AuthController.php(91): CodeIgniter\BaseModel->findAll()
#7 C:\xampp\htdocs\Proyecto-Taller-1\system\CodeIgniter.php(933): App\Controllers\AuthController->leer()
#8 C:\xampp\htdocs\Proyecto-Taller-1\system\CodeIgniter.php(507): CodeIgniter\CodeIgniter->runController(Object(App\Controllers\AuthController))
#9 C:\xampp\htdocs\Proyecto-Taller-1\system\CodeIgniter.php(354): CodeIgniter\CodeIgniter->handleRequest(NULL, Object(Config\Cache), false)
#10 C:\xampp\htdocs\Proyecto-Taller-1\system\Boot.php(334): CodeIgniter\CodeIgniter->run()
#11 C:\xampp\htdocs\Proyecto-Taller-1\system\Boot.php(67): CodeIgniter\Boot::runCodeIgniter(Object(CodeIgniter\CodeIgniter))
#12 C:\xampp\htdocs\Proyecto-Taller-1\index.php(56): CodeIgniter\Boot::bootWeb(Object(Config\Paths))
#13 {main}
CRITICAL - 2025-05-24 23:10:41 --> CodeIgniter\Database\Exceptions\DatabaseException: Unknown column 'usuario.deleted_at' in 'where clause'
[Method: GET, Route: leer]
in SYSTEMPATH\Database\BaseConnection.php on line 692.
 1 SYSTEMPATH\Database\BaseBuilder.php(1649): CodeIgniter\Database\BaseConnection->query('SELECT *
FROM `usuario`
WHERE `usuario`.`deleted_at` IS NULL', [], false)
 2 SYSTEMPATH\Model.php(286): CodeIgniter\Database\BaseBuilder->get()
 3 SYSTEMPATH\BaseModel.php(675): CodeIgniter\Model->doFindAll(0, 0)
 4 APPPATH\Controllers\AuthController.php(91): CodeIgniter\BaseModel->findAll()
 5 SYSTEMPATH\CodeIgniter.php(933): App\Controllers\AuthController->leer()
 6 SYSTEMPATH\CodeIgniter.php(507): CodeIgniter\CodeIgniter->runController(Object(App\Controllers\AuthController))
 7 SYSTEMPATH\CodeIgniter.php(354): CodeIgniter\CodeIgniter->handleRequest(null, Object(Config\Cache), false)
 8 SYSTEMPATH\Boot.php(334): CodeIgniter\CodeIgniter->run()
 9 SYSTEMPATH\Boot.php(67): CodeIgniter\Boot::runCodeIgniter(Object(CodeIgniter\CodeIgniter))
10 FCPATH\index.php(56): CodeIgniter\Boot::bootWeb(Object(Config\Paths))
CRITICAL - 2025-05-24 23:10:41 --> [Caused by] CodeIgniter\Database\Exceptions\DatabaseException: Unknown column 'usuario.deleted_at' in 'where clause'
in SYSTEMPATH\Database\MySQLi\Connection.php on line 332.
 1 SYSTEMPATH\Database\BaseConnection.php(738): CodeIgniter\Database\MySQLi\Connection->execute('SELECT *
FROM `usuario`
WHERE `usuario`.`deleted_at` IS NULL')
 2 SYSTEMPATH\Database\BaseConnection.php(652): CodeIgniter\Database\BaseConnection->simpleQuery('SELECT *
FROM `usuario`
WHERE `usuario`.`deleted_at` IS NULL')
 3 SYSTEMPATH\Database\BaseBuilder.php(1649): CodeIgniter\Database\BaseConnection->query('SELECT *
FROM `usuario`
WHERE `usuario`.`deleted_at` IS NULL', [], false)
 4 SYSTEMPATH\Model.php(286): CodeIgniter\Database\BaseBuilder->get()
 5 SYSTEMPATH\BaseModel.php(675): CodeIgniter\Model->doFindAll(0, 0)
 6 APPPATH\Controllers\AuthController.php(91): CodeIgniter\BaseModel->findAll()
 7 SYSTEMPATH\CodeIgniter.php(933): App\Controllers\AuthController->leer()
 8 SYSTEMPATH\CodeIgniter.php(507): CodeIgniter\CodeIgniter->runController(Object(App\Controllers\AuthController))
 9 SYSTEMPATH\CodeIgniter.php(354): CodeIgniter\CodeIgniter->handleRequest(null, Object(Config\Cache), false)
10 SYSTEMPATH\Boot.php(334): CodeIgniter\CodeIgniter->run()
11 SYSTEMPATH\Boot.php(67): CodeIgniter\Boot::runCodeIgniter(Object(CodeIgniter\CodeIgniter))
12 FCPATH\index.php(56): CodeIgniter\Boot::bootWeb(Object(Config\Paths))
CRITICAL - 2025-05-24 23:10:41 --> [Caused by] mysqli_sql_exception: Unknown column 'usuario.deleted_at' in 'where clause'
in SYSTEMPATH\Database\MySQLi\Connection.php on line 327.
 1 SYSTEMPATH\Database\MySQLi\Connection.php(327): mysqli->query('SELECT *
FROM `usuario`
WHERE `usuario`.`deleted_at` IS NULL', 0)
 2 SYSTEMPATH\Database\BaseConnection.php(738): CodeIgniter\Database\MySQLi\Connection->execute('SELECT *
FROM `usuario`
WHERE `usuario`.`deleted_at` IS NULL')
 3 SYSTEMPATH\Database\BaseConnection.php(652): CodeIgniter\Database\BaseConnection->simpleQuery('SELECT *
FROM `usuario`
WHERE `usuario`.`deleted_at` IS NULL')
 4 SYSTEMPATH\Database\BaseBuilder.php(1649): CodeIgniter\Database\BaseConnection->query('SELECT *
FROM `usuario`
WHERE `usuario`.`deleted_at` IS NULL', [], false)
 5 SYSTEMPATH\Model.php(286): CodeIgniter\Database\BaseBuilder->get()
 6 SYSTEMPATH\BaseModel.php(675): CodeIgniter\Model->doFindAll(0, 0)
 7 APPPATH\Controllers\AuthController.php(91): CodeIgniter\BaseModel->findAll()
 8 SYSTEMPATH\CodeIgniter.php(933): App\Controllers\AuthController->leer()
 9 SYSTEMPATH\CodeIgniter.php(507): CodeIgniter\CodeIgniter->runController(Object(App\Controllers\AuthController))
10 SYSTEMPATH\CodeIgniter.php(354): CodeIgniter\CodeIgniter->handleRequest(null, Object(Config\Cache), false)
11 SYSTEMPATH\Boot.php(334): CodeIgniter\CodeIgniter->run()
12 SYSTEMPATH\Boot.php(67): CodeIgniter\Boot::runCodeIgniter(Object(CodeIgniter\CodeIgniter))
13 FCPATH\index.php(56): CodeIgniter\Boot::bootWeb(Object(Config\Paths))
