CRITICAL - 2025-04-01 03:38:38 --> CodeIgniter\HTTP\Exceptions\BadRequestException: The URI you submitted has disallowed characters: "83950365-zapatillas-sin-color-de-línea-plana-sobre-ilustración-de-vector-de-fondo-blanco.jpg"
[Method: GET, Route: img/83950365-zapatillas-sin-color-de-l%C3%ADnea-plana-sobre-ilustraci%C3%B3n-de-vector-de-fondo-blanco.jpg]
in SYSTEMPATH\Router\Router.php on line 739.
 1 SYSTEMPATH\Router\Router.php(207): CodeIgniter\Router\Router->checkDisallowedChars('img/83950365-zapatillas-sin-color-de-línea-plana-sobre-ilustración-de-vector-de-fondo-blanco.jpg')
 2 SYSTEMPATH\CodeIgniter.php(832): CodeIgniter\Router\Router->handle('img/83950365-zapatillas-sin-color-de-línea-plana-sobre-ilustración-de-vector-de-fondo-blanco.jpg')
 3 SYSTEMPATH\CodeIgniter.php(455): CodeIgniter\CodeIgniter->tryToRouteIt(Object(CodeIgniter\Router\RouteCollection))
 4 SYSTEMPATH\CodeIgniter.php(354): CodeIgniter\CodeIgniter->handleRequest(null, Object(Config\Cache), false)
 5 SYSTEMPATH\Boot.php(334): CodeIgniter\CodeIgniter->run()
 6 SYSTEMPATH\Boot.php(67): CodeIgniter\Boot::runCodeIgniter(Object(CodeIgniter\CodeIgniter))
 7 FCPATH\index.php(56): CodeIgniter\Boot::bootWeb(Object(Config\Paths))
CRITICAL - 2025-04-01 03:38:41 --> CodeIgniter\HTTP\Exceptions\BadRequestException: The URI you submitted has disallowed characters: "83950365-zapatillas-sin-color-de-línea-plana-sobre-ilustración-de-vector-de-fondo-blanco.jpg"
[Method: GET, Route: img/83950365-zapatillas-sin-color-de-l%C3%ADnea-plana-sobre-ilustraci%C3%B3n-de-vector-de-fondo-blanco.jpg]
in SYSTEMPATH\Router\Router.php on line 739.
 1 SYSTEMPATH\Router\Router.php(207): CodeIgniter\Router\Router->checkDisallowedChars('img/83950365-zapatillas-sin-color-de-línea-plana-sobre-ilustración-de-vector-de-fondo-blanco.jpg')
 2 SYSTEMPATH\CodeIgniter.php(832): CodeIgniter\Router\Router->handle('img/83950365-zapatillas-sin-color-de-línea-plana-sobre-ilustración-de-vector-de-fondo-blanco.jpg')
 3 SYSTEMPATH\CodeIgniter.php(455): CodeIgniter\CodeIgniter->tryToRouteIt(Object(CodeIgniter\Router\RouteCollection))
 4 SYSTEMPATH\CodeIgniter.php(354): CodeIgniter\CodeIgniter->handleRequest(null, Object(Config\Cache), false)
 5 SYSTEMPATH\Boot.php(334): CodeIgniter\CodeIgniter->run()
 6 SYSTEMPATH\Boot.php(67): CodeIgniter\Boot::runCodeIgniter(Object(CodeIgniter\CodeIgniter))
 7 FCPATH\index.php(56): CodeIgniter\Boot::bootWeb(Object(Config\Paths))
CRITICAL - 2025-04-01 03:38:47 --> CodeIgniter\HTTP\Exceptions\BadRequestException: The URI you submitted has disallowed characters: "83950365-zapatillas-sin-color-de-línea-plana-sobre-ilustración-de-vector-de-fondo-blanco.jpg"
[Method: GET, Route: img/83950365-zapatillas-sin-color-de-l%C3%ADnea-plana-sobre-ilustraci%C3%B3n-de-vector-de-fondo-blanco.jpg]
in SYSTEMPATH\Router\Router.php on line 739.
 1 SYSTEMPATH\Router\Router.php(207): CodeIgniter\Router\Router->checkDisallowedChars('img/83950365-zapatillas-sin-color-de-línea-plana-sobre-ilustración-de-vector-de-fondo-blanco.jpg')
 2 SYSTEMPATH\CodeIgniter.php(832): CodeIgniter\Router\Router->handle('img/83950365-zapatillas-sin-color-de-línea-plana-sobre-ilustración-de-vector-de-fondo-blanco.jpg')
 3 SYSTEMPATH\CodeIgniter.php(455): CodeIgniter\CodeIgniter->tryToRouteIt(Object(CodeIgniter\Router\RouteCollection))
 4 SYSTEMPATH\CodeIgniter.php(354): CodeIgniter\CodeIgniter->handleRequest(null, Object(Config\Cache), false)
 5 SYSTEMPATH\Boot.php(334): CodeIgniter\CodeIgniter->run()
 6 SYSTEMPATH\Boot.php(67): CodeIgniter\Boot::runCodeIgniter(Object(CodeIgniter\CodeIgniter))
 7 FCPATH\index.php(56): CodeIgniter\Boot::bootWeb(Object(Config\Paths))
CRITICAL - 2025-04-01 03:39:23 --> CodeIgniter\HTTP\Exceptions\BadRequestException: The URI you submitted has disallowed characters: "83950365-zapatillas-sin-color-de-línea-plana-sobre-ilustración-de-vector-de-fondo-blanco.jpg"
[Method: GET, Route: img/83950365-zapatillas-sin-color-de-l%C3%ADnea-plana-sobre-ilustraci%C3%B3n-de-vector-de-fondo-blanco.jpg]
in SYSTEMPATH\Router\Router.php on line 739.
 1 SYSTEMPATH\Router\Router.php(207): CodeIgniter\Router\Router->checkDisallowedChars('img/83950365-zapatillas-sin-color-de-línea-plana-sobre-ilustración-de-vector-de-fondo-blanco.jpg')
 2 SYSTEMPATH\CodeIgniter.php(832): CodeIgniter\Router\Router->handle('img/83950365-zapatillas-sin-color-de-línea-plana-sobre-ilustración-de-vector-de-fondo-blanco.jpg')
 3 SYSTEMPATH\CodeIgniter.php(455): CodeIgniter\CodeIgniter->tryToRouteIt(Object(CodeIgniter\Router\RouteCollection))
 4 SYSTEMPATH\CodeIgniter.php(354): CodeIgniter\CodeIgniter->handleRequest(null, Object(Config\Cache), false)
 5 SYSTEMPATH\Boot.php(334): CodeIgniter\CodeIgniter->run()
 6 SYSTEMPATH\Boot.php(67): CodeIgniter\Boot::runCodeIgniter(Object(CodeIgniter\CodeIgniter))
 7 FCPATH\index.php(56): CodeIgniter\Boot::bootWeb(Object(Config\Paths))
CRITICAL - 2025-04-01 03:40:02 --> CodeIgniter\HTTP\Exceptions\BadRequestException: The URI you submitted has disallowed characters: "83950365-zapatillas-sin-color-de-línea-plana-sobre-ilustración-de-vector-de-fondo-blanco.jpg"
[Method: GET, Route: img/83950365-zapatillas-sin-color-de-l%C3%ADnea-plana-sobre-ilustraci%C3%B3n-de-vector-de-fondo-blanco.jpg]
in SYSTEMPATH\Router\Router.php on line 739.
 1 SYSTEMPATH\Router\Router.php(207): CodeIgniter\Router\Router->checkDisallowedChars('img/83950365-zapatillas-sin-color-de-línea-plana-sobre-ilustración-de-vector-de-fondo-blanco.jpg')
 2 SYSTEMPATH\CodeIgniter.php(832): CodeIgniter\Router\Router->handle('img/83950365-zapatillas-sin-color-de-línea-plana-sobre-ilustración-de-vector-de-fondo-blanco.jpg')
 3 SYSTEMPATH\CodeIgniter.php(455): CodeIgniter\CodeIgniter->tryToRouteIt(Object(CodeIgniter\Router\RouteCollection))
 4 SYSTEMPATH\CodeIgniter.php(354): CodeIgniter\CodeIgniter->handleRequest(null, Object(Config\Cache), false)
 5 SYSTEMPATH\Boot.php(334): CodeIgniter\CodeIgniter->run()
 6 SYSTEMPATH\Boot.php(67): CodeIgniter\Boot::runCodeIgniter(Object(CodeIgniter\CodeIgniter))
 7 FCPATH\index.php(56): CodeIgniter\Boot::bootWeb(Object(Config\Paths))
CRITICAL - 2025-04-01 03:40:43 --> CodeIgniter\HTTP\Exceptions\BadRequestException: The URI you submitted has disallowed characters: "83950365-zapatillas-sin-color-de-línea-plana-sobre-ilustración-de-vector-de-fondo-blanco.jpg"
[Method: GET, Route: img/83950365-zapatillas-sin-color-de-l%C3%ADnea-plana-sobre-ilustraci%C3%B3n-de-vector-de-fondo-blanco.jpg]
in SYSTEMPATH\Router\Router.php on line 739.
 1 SYSTEMPATH\Router\Router.php(207): CodeIgniter\Router\Router->checkDisallowedChars('img/83950365-zapatillas-sin-color-de-línea-plana-sobre-ilustración-de-vector-de-fondo-blanco.jpg')
 2 SYSTEMPATH\CodeIgniter.php(832): CodeIgniter\Router\Router->handle('img/83950365-zapatillas-sin-color-de-línea-plana-sobre-ilustración-de-vector-de-fondo-blanco.jpg')
 3 SYSTEMPATH\CodeIgniter.php(455): CodeIgniter\CodeIgniter->tryToRouteIt(Object(CodeIgniter\Router\RouteCollection))
 4 SYSTEMPATH\CodeIgniter.php(354): CodeIgniter\CodeIgniter->handleRequest(null, Object(Config\Cache), false)
 5 SYSTEMPATH\Boot.php(334): CodeIgniter\CodeIgniter->run()
 6 SYSTEMPATH\Boot.php(67): CodeIgniter\Boot::runCodeIgniter(Object(CodeIgniter\CodeIgniter))
 7 FCPATH\index.php(56): CodeIgniter\Boot::bootWeb(Object(Config\Paths))
CRITICAL - 2025-04-01 03:41:00 --> CodeIgniter\HTTP\Exceptions\BadRequestException: The URI you submitted has disallowed characters: "83950365-zapatillas-sin-color-de-línea-plana-sobre-ilustración-de-vector-de-fondo-blanco.jpg"
[Method: GET, Route: img/83950365-zapatillas-sin-color-de-l%C3%ADnea-plana-sobre-ilustraci%C3%B3n-de-vector-de-fondo-blanco.jpg]
in SYSTEMPATH\Router\Router.php on line 739.
 1 SYSTEMPATH\Router\Router.php(207): CodeIgniter\Router\Router->checkDisallowedChars('img/83950365-zapatillas-sin-color-de-línea-plana-sobre-ilustración-de-vector-de-fondo-blanco.jpg')
 2 SYSTEMPATH\CodeIgniter.php(832): CodeIgniter\Router\Router->handle('img/83950365-zapatillas-sin-color-de-línea-plana-sobre-ilustración-de-vector-de-fondo-blanco.jpg')
 3 SYSTEMPATH\CodeIgniter.php(455): CodeIgniter\CodeIgniter->tryToRouteIt(Object(CodeIgniter\Router\RouteCollection))
 4 SYSTEMPATH\CodeIgniter.php(354): CodeIgniter\CodeIgniter->handleRequest(null, Object(Config\Cache), false)
 5 SYSTEMPATH\Boot.php(334): CodeIgniter\CodeIgniter->run()
 6 SYSTEMPATH\Boot.php(67): CodeIgniter\Boot::runCodeIgniter(Object(CodeIgniter\CodeIgniter))
 7 FCPATH\index.php(56): CodeIgniter\Boot::bootWeb(Object(Config\Paths))
CRITICAL - 2025-04-01 03:41:15 --> CodeIgniter\HTTP\Exceptions\BadRequestException: The URI you submitted has disallowed characters: "83950365-zapatillas-sin-color-de-línea-plana-sobre-ilustración-de-vector-de-fondo-blanco.jpg"
[Method: GET, Route: img/83950365-zapatillas-sin-color-de-l%C3%ADnea-plana-sobre-ilustraci%C3%B3n-de-vector-de-fondo-blanco.jpg]
in SYSTEMPATH\Router\Router.php on line 739.
 1 SYSTEMPATH\Router\Router.php(207): CodeIgniter\Router\Router->checkDisallowedChars('img/83950365-zapatillas-sin-color-de-línea-plana-sobre-ilustración-de-vector-de-fondo-blanco.jpg')
 2 SYSTEMPATH\CodeIgniter.php(832): CodeIgniter\Router\Router->handle('img/83950365-zapatillas-sin-color-de-línea-plana-sobre-ilustración-de-vector-de-fondo-blanco.jpg')
 3 SYSTEMPATH\CodeIgniter.php(455): CodeIgniter\CodeIgniter->tryToRouteIt(Object(CodeIgniter\Router\RouteCollection))
 4 SYSTEMPATH\CodeIgniter.php(354): CodeIgniter\CodeIgniter->handleRequest(null, Object(Config\Cache), false)
 5 SYSTEMPATH\Boot.php(334): CodeIgniter\CodeIgniter->run()
 6 SYSTEMPATH\Boot.php(67): CodeIgniter\Boot::runCodeIgniter(Object(CodeIgniter\CodeIgniter))
 7 FCPATH\index.php(56): CodeIgniter\Boot::bootWeb(Object(Config\Paths))
